{"timestamp": "2025-06-28T20:40:42.669800", "level": "DEBUG", "service": "web-server", "message": "Sample log message 352", "response_time": 219}
{"timestamp": "2025-06-28T20:40:44.447076", "level": "INFO", "service": "cache", "message": "Sample log message 254", "response_time": 24}
{"timestamp": "2025-06-28T20:40:45.001414", "level": "ERROR", "service": "web-server", "message": "Sample log message 413", "response_time": 260}
{"timestamp": "2025-06-28T20:40:46.368237", "level": "WARN", "service": "cache", "message": "Sample log message 877", "response_time": 433}
{"timestamp": "2025-06-28T20:40:47.750537", "level": "INFO", "service": "database", "message": "Sample log message 286", "response_time": 339}
{"timestamp": "2025-06-28T20:40:49.233874", "level": "DEBUG", "service": "auth-service", "message": "Sample log message 25", "response_time": 412}
{"timestamp": "2025-06-28T20:40:50.043339", "level": "INFO", "service": "database", "message": "Sample log message 766", "response_time": 80}
{"timestamp": "2025-06-28T20:40:52.010064", "level": "DEBUG", "service": "web-server", "message": "Sample log message 742", "response_time": 355}
{"timestamp": "2025-06-28T20:40:53.104847", "level": "DEBUG", "service": "auth-service", "message": "Sample log message 221", "response_time": 182}
{"timestamp": "2025-06-28T20:40:53.723491", "level": "INFO", "service": "database", "message": "Sample log message 858", "response_time": 11}
{"timestamp": "2025-06-28T20:40:54.560540", "level": "INFO", "service": "web-server", "message": "Sample log message 417", "response_time": 21}
{"timestamp": "2025-06-28T20:40:56.325700", "level": "ERROR", "service": "cache", "message": "Sample log message 736", "response_time": 299}
{"timestamp": "2025-06-28T20:40:58.027751", "level": "DEBUG", "service": "cache", "message": "Sample log message 791", "response_time": 101}
{"timestamp": "2025-06-28T20:40:59.514586", "level": "WARN", "service": "cache", "message": "Sample log message 254", "response_time": 388}
{"timestamp": "2025-06-28T20:41:01.021940", "level": "ERROR", "service": "cache", "message": "Sample log message 197", "response_time": 84}
{"timestamp": "2025-06-28T20:41:02.688863", "level": "ERROR", "service": "auth-service", "message": "Sample log message 185", "response_time": 471}
{"timestamp": "2025-06-28T20:41:03.824837", "level": "INFO", "service": "web-server", "message": "Sample log message 289", "response_time": 83}
{"timestamp": "2025-06-28T20:41:05.382660", "level": "DEBUG", "service": "auth-service", "message": "Sample log message 266", "response_time": 445}
{"timestamp": "2025-06-28T20:41:06.657066", "level": "WARN", "service": "web-server", "message": "Sample log message 146", "response_time": 465}
{"timestamp": "2025-06-28T20:41:07.831837", "level": "WARN", "service": "database", "message": "Sample log message 889", "response_time": 452}
{"timestamp": "2025-06-28T20:41:08.387484", "level": "INFO", "service": "auth-service", "message": "Sample log message 44", "response_time": 451}
{"timestamp": "2025-06-28T20:41:10.178313", "level": "INFO", "service": "web-server", "message": "Sample log message 417", "response_time": 366}
{"timestamp": "2025-06-28T20:41:11.442002", "level": "ERROR", "service": "auth-service", "message": "Sample log message 785", "response_time": 388}
{"timestamp": "2025-06-28T20:41:12.987641", "level": "DEBUG", "service": "database", "message": "Sample log message 404", "response_time": 270}
{"timestamp": "2025-06-28T20:41:13.546458", "level": "INFO", "service": "auth-service", "message": "Sample log message 152", "response_time": 302}
{"timestamp": "2025-06-28T20:41:15.028114", "level": "INFO", "service": "database", "message": "Sample log message 896", "response_time": 346}
{"timestamp": "2025-06-28T20:41:16.135277", "level": "INFO", "service": "cache", "message": "Sample log message 95", "response_time": 375}
{"timestamp": "2025-06-28T20:41:17.441976", "level": "WARN", "service": "web-server", "message": "Sample log message 105", "response_time": 414}
{"timestamp": "2025-06-28T20:41:18.384847", "level": "INFO", "service": "database", "message": "Sample log message 878", "response_time": 434}
{"timestamp": "2025-06-28T20:41:20.189776", "level": "DEBUG", "service": "database", "message": "Sample log message 788", "response_time": 492}
{"timestamp": "2025-06-28T20:41:21.162803", "level": "WARN", "service": "web-server", "message": "Sample log message 177", "response_time": 349}
{"timestamp": "2025-06-28T20:41:22.281048", "level": "INFO", "service": "database", "message": "Sample log message 861", "response_time": 202}
{"timestamp": "2025-06-28T20:41:23.065622", "level": "WARN", "service": "cache", "message": "Sample log message 167", "response_time": 19}
{"timestamp": "2025-06-28T20:41:23.924732", "level": "WARN", "service": "auth-service", "message": "Sample log message 534", "response_time": 254}
{"timestamp": "2025-06-28T20:41:25.591156", "level": "DEBUG", "service": "cache", "message": "Sample log message 976", "response_time": 474}
{"timestamp": "2025-06-28T20:41:27.464172", "level": "INFO", "service": "database", "message": "Sample log message 613", "response_time": 87}
{"timestamp": "2025-06-28T20:41:29.164043", "level": "ERROR", "service": "web-server", "message": "Sample log message 306", "response_time": 29}
{"timestamp": "2025-06-28T20:41:29.779940", "level": "INFO", "service": "web-server", "message": "Sample log message 854", "response_time": 313}
{"timestamp": "2025-06-28T20:41:31.049443", "level": "DEBUG", "service": "cache", "message": "Sample log message 929", "response_time": 451}
{"timestamp": "2025-06-28T20:41:31.752835", "level": "ERROR", "service": "web-server", "message": "Sample log message 437", "response_time": 197}
{"timestamp": "2025-06-28T20:41:32.862698", "level": "INFO", "service": "cache", "message": "Sample log message 526", "response_time": 67}
{"timestamp": "2025-06-28T20:41:34.749530", "level": "ERROR", "service": "cache", "message": "Sample log message 743", "response_time": 284}
{"timestamp": "2025-06-28T20:41:36.079486", "level": "DEBUG", "service": "web-server", "message": "Sample log message 178", "response_time": 443}
{"timestamp": "2025-06-28T20:41:38.001195", "level": "WARN", "service": "web-server", "message": "Sample log message 711", "response_time": 423}
{"timestamp": "2025-06-28T20:41:39.308478", "level": "ERROR", "service": "database", "message": "Sample log message 608", "response_time": 317}
{"timestamp": "2025-06-28T20:41:40.026432", "level": "WARN", "service": "web-server", "message": "Sample log message 694", "response_time": 68}
{"timestamp": "2025-06-28T20:41:41.673521", "level": "INFO", "service": "web-server", "message": "Sample log message 174", "response_time": 381}
{"timestamp": "2025-06-28T20:41:43.226405", "level": "ERROR", "service": "cache", "message": "Sample log message 149", "response_time": 430}
{"timestamp": "2025-06-28T20:41:45.173482", "level": "WARN", "service": "cache", "message": "Sample log message 857", "response_time": 367}
{"timestamp": "2025-06-28T20:41:47.172875", "level": "INFO", "service": "database", "message": "Sample log message 929", "response_time": 471}
{"timestamp": "2025-06-28T20:41:48.347332", "level": "WARN", "service": "web-server", "message": "Sample log message 171", "response_time": 107}
{"timestamp": "2025-06-28T20:41:49.563447", "level": "ERROR", "service": "cache", "message": "Sample log message 366", "response_time": 298}
{"timestamp": "2025-06-28T20:41:51.196277", "level": "ERROR", "service": "cache", "message": "Sample log message 333", "response_time": 465}
{"timestamp": "2025-06-28T20:41:52.588240", "level": "WARN", "service": "cache", "message": "Sample log message 504", "response_time": 479}
{"timestamp": "2025-06-28T20:41:53.627435", "level": "WARN", "service": "cache", "message": "Sample log message 136", "response_time": 445}
{"timestamp": "2025-06-28T20:41:54.817691", "level": "WARN", "service": "database", "message": "Sample log message 817", "response_time": 287}
{"timestamp": "2025-06-28T20:41:56.471126", "level": "DEBUG", "service": "web-server", "message": "Sample log message 247", "response_time": 30}
{"timestamp": "2025-06-28T20:41:57.528094", "level": "ERROR", "service": "database", "message": "Sample log message 35", "response_time": 165}
{"timestamp": "2025-06-28T20:41:58.083438", "level": "ERROR", "service": "database", "message": "Sample log message 351", "response_time": 345}
{"timestamp": "2025-06-28T20:41:58.699560", "level": "DEBUG", "service": "auth-service", "message": "Sample log message 411", "response_time": 50}
{"timestamp": "2025-06-28T20:41:59.333051", "level": "WARN", "service": "web-server", "message": "Sample log message 987", "response_time": 156}
{"timestamp": "2025-06-28T20:42:00.063550", "level": "WARN", "service": "cache", "message": "Sample log message 25", "response_time": 154}
{"timestamp": "2025-06-28T20:42:01.264021", "level": "DEBUG", "service": "cache", "message": "Sample log message 96", "response_time": 314}
{"timestamp": "2025-06-28T20:42:02.876418", "level": "DEBUG", "service": "web-server", "message": "Sample log message 579", "response_time": 196}
{"timestamp": "2025-06-28T20:42:03.737263", "level": "WARN", "service": "cache", "message": "Sample log message 904", "response_time": 499}
{"timestamp": "2025-06-28T20:42:04.897703", "level": "INFO", "service": "cache", "message": "Sample log message 41", "response_time": 370}
{"timestamp": "2025-06-28T20:42:06.871982", "level": "WARN", "service": "database", "message": "Sample log message 438", "response_time": 310}
{"timestamp": "2025-06-28T20:42:08.648625", "level": "DEBUG", "service": "cache", "message": "Sample log message 124", "response_time": 400}
{"timestamp": "2025-06-28T20:42:09.946855", "level": "DEBUG", "service": "database", "message": "Sample log message 729", "response_time": 117}
{"timestamp": "2025-06-28T20:42:11.455514", "level": "ERROR", "service": "auth-service", "message": "Sample log message 555", "response_time": 79}
{"timestamp": "2025-06-28T20:42:12.231953", "level": "ERROR", "service": "database", "message": "Sample log message 974", "response_time": 294}
{"timestamp": "2025-06-28T20:42:13.478387", "level": "WARN", "service": "cache", "message": "Sample log message 839", "response_time": 136}
{"timestamp": "2025-06-28T20:42:14.145026", "level": "DEBUG", "service": "cache", "message": "Sample log message 223", "response_time": 228}
{"timestamp": "2025-06-28T20:42:15.132045", "level": "ERROR", "service": "database", "message": "Sample log message 68", "response_time": 477}
{"timestamp": "2025-06-28T20:42:16.614403", "level": "INFO", "service": "auth-service", "message": "Sample log message 696", "response_time": 479}
{"timestamp": "2025-06-28T20:42:17.711935", "level": "INFO", "service": "auth-service", "message": "Sample log message 536", "response_time": 11}
{"timestamp": "2025-06-28T20:42:18.636211", "level": "INFO", "service": "web-server", "message": "Sample log message 853", "response_time": 192}
{"timestamp": "2025-06-28T20:42:20.240129", "level": "INFO", "service": "cache", "message": "Sample log message 555", "response_time": 410}
{"timestamp": "2025-06-28T20:42:20.804794", "level": "DEBUG", "service": "web-server", "message": "Sample log message 605", "response_time": 230}
{"timestamp": "2025-06-28T20:42:22.702958", "level": "WARN", "service": "database", "message": "Sample log message 296", "response_time": 456}
{"timestamp": "2025-06-28T20:42:23.674223", "level": "DEBUG", "service": "auth-service", "message": "Sample log message 454", "response_time": 108}
{"timestamp": "2025-06-28T20:42:24.624574", "level": "ERROR", "service": "cache", "message": "Sample log message 898", "response_time": 184}
{"timestamp": "2025-06-28T20:42:25.411304", "level": "INFO", "service": "auth-service", "message": "Sample log message 328", "response_time": 100}
{"timestamp": "2025-06-28T20:42:27.288947", "level": "INFO", "service": "cache", "message": "Sample log message 797", "response_time": 87}
{"timestamp": "2025-06-28T20:42:28.422656", "level": "ERROR", "service": "cache", "message": "Sample log message 472", "response_time": 287}
{"timestamp": "2025-06-28T20:42:29.848545", "level": "INFO", "service": "web-server", "message": "Sample log message 83", "response_time": 62}
{"timestamp": "2025-06-28T20:42:31.391050", "level": "DEBUG", "service": "cache", "message": "Sample log message 350", "response_time": 331}
{"timestamp": "2025-06-28T20:42:32.066935", "level": "WARN", "service": "auth-service", "message": "Sample log message 201", "response_time": 352}
{"timestamp": "2025-06-28T20:42:33.519248", "level": "DEBUG", "service": "cache", "message": "Sample log message 980", "response_time": 155}
{"timestamp": "2025-06-28T20:42:34.393368", "level": "INFO", "service": "auth-service", "message": "Sample log message 214", "response_time": 386}
{"timestamp": "2025-06-28T20:42:35.401042", "level": "WARN", "service": "database", "message": "Sample log message 578", "response_time": 386}
{"timestamp": "2025-06-28T20:42:36.293063", "level": "WARN", "service": "auth-service", "message": "Sample log message 705", "response_time": 387}
{"timestamp": "2025-06-28T20:42:37.575035", "level": "WARN", "service": "database", "message": "Sample log message 169", "response_time": 301}
{"timestamp": "2025-06-28T20:42:39.032258", "level": "DEBUG", "service": "cache", "message": "Sample log message 939", "response_time": 330}
{"timestamp": "2025-06-28T20:42:40.419678", "level": "DEBUG", "service": "database", "message": "Sample log message 405", "response_time": 177}
{"timestamp": "2025-06-28T20:42:42.211153", "level": "WARN", "service": "auth-service", "message": "Sample log message 537", "response_time": 301}
{"timestamp": "2025-06-28T20:42:43.029852", "level": "ERROR", "service": "web-server", "message": "Sample log message 790", "response_time": 272}
{"timestamp": "2025-06-28T20:42:43.830673", "level": "DEBUG", "service": "cache", "message": "Sample log message 506", "response_time": 200}
{"timestamp": "2025-06-28T20:42:44.903287", "level": "ERROR", "service": "database", "message": "Sample log message 203", "response_time": 355}
{"timestamp": "2025-06-28T20:42:45.539064", "level": "WARN", "service": "database", "message": "Sample log message 452", "response_time": 145}
{"timestamp": "2025-06-28T20:42:46.851764", "level": "WARN", "service": "database", "message": "Sample log message 61", "response_time": 251}
{"timestamp": "2025-06-28T20:42:48.175502", "level": "INFO", "service": "database", "message": "Sample log message 120", "response_time": 488}
{"timestamp": "2025-06-28T20:42:49.853359", "level": "INFO", "service": "auth-service", "message": "Sample log message 930", "response_time": 203}
{"timestamp": "2025-06-28T20:42:51.597111", "level": "WARN", "service": "auth-service", "message": "Sample log message 704", "response_time": 201}
{"timestamp": "2025-06-28T20:42:52.416136", "level": "INFO", "service": "web-server", "message": "Sample log message 782", "response_time": 82}
{"timestamp": "2025-06-28T20:42:53.233716", "level": "ERROR", "service": "cache", "message": "Sample log message 530", "response_time": 275}
{"timestamp": "2025-06-28T20:42:54.053467", "level": "WARN", "service": "web-server", "message": "Sample log message 21", "response_time": 218}
{"timestamp": "2025-06-28T20:42:55.434700", "level": "DEBUG", "service": "web-server", "message": "Sample log message 758", "response_time": 484}
{"timestamp": "2025-06-28T20:42:56.459511", "level": "DEBUG", "service": "auth-service", "message": "Sample log message 209", "response_time": 162}
{"timestamp": "2025-06-28T20:42:56.968861", "level": "WARN", "service": "web-server", "message": "Sample log message 534", "response_time": 470}
{"timestamp": "2025-06-28T20:42:58.132436", "level": "ERROR", "service": "web-server", "message": "Sample log message 596", "response_time": 291}
{"timestamp": "2025-06-28T20:42:59.267437", "level": "WARN", "service": "database", "message": "Sample log message 18", "response_time": 294}
{"timestamp": "2025-06-28T20:42:59.895613", "level": "INFO", "service": "database", "message": "Sample log message 559", "response_time": 81}
{"timestamp": "2025-06-28T20:43:00.778308", "level": "INFO", "service": "database", "message": "Sample log message 427", "response_time": 281}
{"timestamp": "2025-06-28T20:43:01.352852", "level": "INFO", "service": "database", "message": "Sample log message 777", "response_time": 364}
{"timestamp": "2025-06-28T20:43:03.056478", "level": "DEBUG", "service": "auth-service", "message": "Sample log message 755", "response_time": 330}
{"timestamp": "2025-06-28T20:43:04.708337", "level": "ERROR", "service": "cache", "message": "Sample log message 391", "response_time": 18}
{"timestamp": "2025-06-28T20:43:06.302166", "level": "DEBUG", "service": "auth-service", "message": "Sample log message 93", "response_time": 302}
{"timestamp": "2025-06-28T20:43:08.233169", "level": "DEBUG", "service": "cache", "message": "Sample log message 116", "response_time": 474}
{"timestamp": "2025-06-28T20:43:09.763161", "level": "DEBUG", "service": "auth-service", "message": "Sample log message 198", "response_time": 381}
{"timestamp": "2025-06-28T20:43:10.943801", "level": "WARN", "service": "auth-service", "message": "Sample log message 590", "response_time": 179}
{"timestamp": "2025-06-28T20:43:12.635620", "level": "ERROR", "service": "cache", "message": "Sample log message 719", "response_time": 334}
{"timestamp": "2025-06-28T20:43:14.390409", "level": "DEBUG", "service": "web-server", "message": "Sample log message 422", "response_time": 223}
{"timestamp": "2025-06-28T20:43:15.820267", "level": "WARN", "service": "cache", "message": "Sample log message 490", "response_time": 77}
{"timestamp": "2025-06-28T20:43:16.327421", "level": "INFO", "service": "cache", "message": "Sample log message 315", "response_time": 344}
{"timestamp": "2025-06-28T20:43:17.143557", "level": "DEBUG", "service": "web-server", "message": "Sample log message 974", "response_time": 415}
{"timestamp": "2025-06-28T20:43:17.773776", "level": "DEBUG", "service": "database", "message": "Sample log message 278", "response_time": 232}
{"timestamp": "2025-06-28T20:43:18.369003", "level": "WARN", "service": "cache", "message": "Sample log message 267", "response_time": 381}
{"timestamp": "2025-06-28T20:43:19.131330", "level": "INFO", "service": "auth-service", "message": "Sample log message 528", "response_time": 68}
{"timestamp": "2025-06-28T20:43:20.406011", "level": "INFO", "service": "database", "message": "Sample log message 797", "response_time": 82}
{"timestamp": "2025-06-28T20:43:21.247739", "level": "DEBUG", "service": "cache", "message": "Sample log message 408", "response_time": 479}
{"timestamp": "2025-06-28T20:43:23.060462", "level": "ERROR", "service": "database", "message": "Sample log message 427", "response_time": 329}
{"timestamp": "2025-06-28T20:43:24.870468", "level": "DEBUG", "service": "cache", "message": "Sample log message 465", "response_time": 156}
{"timestamp": "2025-06-28T20:43:25.598600", "level": "ERROR", "service": "web-server", "message": "Sample log message 651", "response_time": 150}
{"timestamp": "2025-06-28T20:43:26.466846", "level": "INFO", "service": "auth-service", "message": "Sample log message 428", "response_time": 55}
{"timestamp": "2025-06-28T20:43:27.940064", "level": "INFO", "service": "auth-service", "message": "Sample log message 402", "response_time": 30}
{"timestamp": "2025-06-28T20:43:29.386913", "level": "WARN", "service": "database", "message": "Sample log message 61", "response_time": 128}
{"timestamp": "2025-06-28T20:43:29.897759", "level": "ERROR", "service": "database", "message": "Sample log message 933", "response_time": 364}
{"timestamp": "2025-06-28T20:43:31.150325", "level": "WARN", "service": "cache", "message": "Sample log message 186", "response_time": 94}
{"timestamp": "2025-06-28T20:43:33.139180", "level": "INFO", "service": "auth-service", "message": "Sample log message 927", "response_time": 198}
{"timestamp": "2025-06-28T20:43:34.313035", "level": "WARN", "service": "web-server", "message": "Sample log message 380", "response_time": 100}
{"timestamp": "2025-06-28T20:43:35.218941", "level": "INFO", "service": "cache", "message": "Sample log message 404", "response_time": 282}
{"timestamp": "2025-06-28T20:43:35.932040", "level": "ERROR", "service": "auth-service", "message": "Sample log message 831", "response_time": 351}
{"timestamp": "2025-06-28T20:43:37.558839", "level": "WARN", "service": "database", "message": "Sample log message 775", "response_time": 23}
{"timestamp": "2025-06-28T20:43:39.440753", "level": "ERROR", "service": "cache", "message": "Sample log message 655", "response_time": 419}
{"timestamp": "2025-06-28T20:43:40.541350", "level": "INFO", "service": "auth-service", "message": "Sample log message 860", "response_time": 45}
{"timestamp": "2025-06-28T20:43:41.191177", "level": "INFO", "service": "database", "message": "Sample log message 583", "response_time": 299}
{"timestamp": "2025-06-28T20:43:42.882118", "level": "INFO", "service": "auth-service", "message": "Sample log message 732", "response_time": 383}
{"timestamp": "2025-06-28T20:43:44.852161", "level": "ERROR", "service": "auth-service", "message": "Sample log message 431", "response_time": 136}
{"timestamp": "2025-06-28T20:43:46.837758", "level": "ERROR", "service": "database", "message": "Sample log message 741", "response_time": 88}
{"timestamp": "2025-06-28T20:43:47.927932", "level": "DEBUG", "service": "cache", "message": "Sample log message 51", "response_time": 291}
{"timestamp": "2025-06-28T20:43:49.344453", "level": "DEBUG", "service": "web-server", "message": "Sample log message 454", "response_time": 92}
{"timestamp": "2025-06-28T20:43:50.447527", "level": "ERROR", "service": "auth-service", "message": "Sample log message 980", "response_time": 223}
{"timestamp": "2025-06-28T20:43:52.176692", "level": "WARN", "service": "auth-service", "message": "Sample log message 628", "response_time": 345}
{"timestamp": "2025-06-28T20:43:53.046961", "level": "WARN", "service": "auth-service", "message": "Sample log message 480", "response_time": 480}
{"timestamp": "2025-06-28T20:43:54.116224", "level": "WARN", "service": "web-server", "message": "Sample log message 794", "response_time": 94}
{"timestamp": "2025-06-28T20:43:55.027465", "level": "ERROR", "service": "database", "message": "Sample log message 526", "response_time": 218}
{"timestamp": "2025-06-28T20:43:55.592328", "level": "DEBUG", "service": "cache", "message": "Sample log message 754", "response_time": 207}
{"timestamp": "2025-06-28T20:43:56.338521", "level": "INFO", "service": "database", "message": "Sample log message 526", "response_time": 283}
{"timestamp": "2025-06-28T20:43:57.100538", "level": "ERROR", "service": "web-server", "message": "Sample log message 169", "response_time": 232}
{"timestamp": "2025-06-28T20:43:58.112727", "level": "INFO", "service": "cache", "message": "Sample log message 660", "response_time": 378}
{"timestamp": "2025-06-28T20:43:58.646927", "level": "WARN", "service": "web-server", "message": "Sample log message 815", "response_time": 99}
{"timestamp": "2025-06-28T20:43:59.996019", "level": "INFO", "service": "web-server", "message": "Sample log message 114", "response_time": 433}
{"timestamp": "2025-06-28T20:44:01.782053", "level": "DEBUG", "service": "web-server", "message": "Sample log message 665", "response_time": 197}
{"timestamp": "2025-06-28T20:44:03.520377", "level": "WARN", "service": "auth-service", "message": "Sample log message 715", "response_time": 475}
{"timestamp": "2025-06-28T20:44:04.914051", "level": "ERROR", "service": "cache", "message": "Sample log message 931", "response_time": 74}
{"timestamp": "2025-06-28T20:44:05.976289", "level": "INFO", "service": "database", "message": "Sample log message 500", "response_time": 375}
{"timestamp": "2025-06-28T20:44:07.803454", "level": "DEBUG", "service": "auth-service", "message": "Sample log message 264", "response_time": 331}
{"timestamp": "2025-06-28T20:44:09.494316", "level": "WARN", "service": "auth-service", "message": "Sample log message 414", "response_time": 386}
{"timestamp": "2025-06-28T20:44:11.076495", "level": "DEBUG", "service": "cache", "message": "Sample log message 828", "response_time": 189}
{"timestamp": "2025-06-28T20:44:12.758289", "level": "DEBUG", "service": "auth-service", "message": "Sample log message 334", "response_time": 63}
{"timestamp": "2025-06-28T20:44:14.004248", "level": "DEBUG", "service": "database", "message": "Sample log message 724", "response_time": 206}
{"timestamp": "2025-06-28T20:44:15.975682", "level": "WARN", "service": "cache", "message": "Sample log message 17", "response_time": 320}
{"timestamp": "2025-06-28T20:44:16.572385", "level": "ERROR", "service": "web-server", "message": "Sample log message 136", "response_time": 162}
{"timestamp": "2025-06-28T20:44:17.395852", "level": "DEBUG", "service": "database", "message": "Sample log message 535", "response_time": 45}
{"timestamp": "2025-06-28T20:44:18.658638", "level": "WARN", "service": "web-server", "message": "Sample log message 808", "response_time": 369}
{"timestamp": "2025-06-28T20:44:19.342200", "level": "ERROR", "service": "database", "message": "Sample log message 748", "response_time": 378}
{"timestamp": "2025-06-28T20:44:19.862604", "level": "WARN", "service": "auth-service", "message": "Sample log message 555", "response_time": 88}
{"timestamp": "2025-06-28T20:44:20.972215", "level": "WARN", "service": "auth-service", "message": "Sample log message 368", "response_time": 276}
{"timestamp": "2025-06-28T20:44:22.918227", "level": "INFO", "service": "cache", "message": "Sample log message 122", "response_time": 302}
{"timestamp": "2025-06-28T20:44:24.376127", "level": "DEBUG", "service": "cache", "message": "Sample log message 924", "response_time": 168}
{"timestamp": "2025-06-28T20:44:25.981637", "level": "WARN", "service": "web-server", "message": "Sample log message 392", "response_time": 211}
{"timestamp": "2025-06-28T20:44:27.512176", "level": "INFO", "service": "auth-service", "message": "Sample log message 745", "response_time": 153}
{"timestamp": "2025-06-28T20:44:29.313484", "level": "DEBUG", "service": "auth-service", "message": "Sample log message 321", "response_time": 80}
{"timestamp": "2025-06-28T20:44:31.297595", "level": "ERROR", "service": "database", "message": "Sample log message 650", "response_time": 358}
{"timestamp": "2025-06-28T20:44:32.977118", "level": "INFO", "service": "cache", "message": "Sample log message 808", "response_time": 304}
{"timestamp": "2025-06-28T20:44:34.404261", "level": "INFO", "service": "cache", "message": "Sample log message 741", "response_time": 326}
{"timestamp": "2025-06-28T20:44:35.957093", "level": "WARN", "service": "cache", "message": "Sample log message 882", "response_time": 225}
{"timestamp": "2025-06-28T20:44:36.994455", "level": "DEBUG", "service": "database", "message": "Sample log message 133", "response_time": 52}
{"timestamp": "2025-06-28T20:44:38.557360", "level": "ERROR", "service": "web-server", "message": "Sample log message 512", "response_time": 244}
{"timestamp": "2025-06-28T20:44:39.832752", "level": "WARN", "service": "web-server", "message": "Sample log message 58", "response_time": 373}
{"timestamp": "2025-06-28T20:44:40.669833", "level": "INFO", "service": "database", "message": "Sample log message 361", "response_time": 437}
{"timestamp": "2025-06-28T20:44:42.227715", "level": "DEBUG", "service": "auth-service", "message": "Sample log message 429", "response_time": 415}
{"timestamp": "2025-06-28T20:44:43.596584", "level": "WARN", "service": "cache", "message": "Sample log message 179", "response_time": 378}
{"timestamp": "2025-06-28T20:44:44.102288", "level": "INFO", "service": "auth-service", "message": "Sample log message 236", "response_time": 339}
{"timestamp": "2025-06-28T20:44:45.849786", "level": "ERROR", "service": "web-server", "message": "Sample log message 585", "response_time": 403}
{"timestamp": "2025-06-28T20:44:46.593546", "level": "DEBUG", "service": "database", "message": "Sample log message 429", "response_time": 487}
{"timestamp": "2025-06-28T20:44:48.093298", "level": "DEBUG", "service": "database", "message": "Sample log message 941", "response_time": 200}
{"timestamp": "2025-06-28T20:44:49.065186", "level": "INFO", "service": "auth-service", "message": "Sample log message 55", "response_time": 181}
{"timestamp": "2025-06-28T20:44:50.826634", "level": "INFO", "service": "database", "message": "Sample log message 813", "response_time": 495}
{"timestamp": "2025-06-28T20:44:52.650240", "level": "INFO", "service": "web-server", "message": "Sample log message 554", "response_time": 362}
{"timestamp": "2025-06-28T20:44:53.333841", "level": "WARN", "service": "cache", "message": "Sample log message 758", "response_time": 166}
{"timestamp": "2025-06-28T20:44:54.282138", "level": "WARN", "service": "cache", "message": "Sample log message 370", "response_time": 29}
{"timestamp": "2025-06-28T20:44:55.267351", "level": "ERROR", "service": "cache", "message": "Sample log message 972", "response_time": 388}
{"timestamp": "2025-06-28T20:44:56.982811", "level": "DEBUG", "service": "cache", "message": "Sample log message 799", "response_time": 216}
{"timestamp": "2025-06-28T20:44:58.810872", "level": "ERROR", "service": "cache", "message": "Sample log message 580", "response_time": 136}
{"timestamp": "2025-06-28T20:45:00.091942", "level": "ERROR", "service": "web-server", "message": "Sample log message 759", "response_time": 339}
{"timestamp": "2025-06-28T20:45:01.513986", "level": "WARN", "service": "auth-service", "message": "Sample log message 365", "response_time": 314}
{"timestamp": "2025-06-28T20:45:03.135601", "level": "DEBUG", "service": "database", "message": "Sample log message 487", "response_time": 374}
{"timestamp": "2025-06-28T20:45:05.076395", "level": "DEBUG", "service": "web-server", "message": "Sample log message 964", "response_time": 46}
{"timestamp": "2025-06-28T20:45:06.696155", "level": "DEBUG", "service": "database", "message": "Sample log message 719", "response_time": 199}
{"timestamp": "2025-06-28T20:45:08.403037", "level": "WARN", "service": "auth-service", "message": "Sample log message 879", "response_time": 150}
{"timestamp": "2025-06-28T20:45:09.272850", "level": "DEBUG", "service": "database", "message": "Sample log message 990", "response_time": 283}
{"timestamp": "2025-06-28T20:45:09.936571", "level": "INFO", "service": "web-server", "message": "Sample log message 99", "response_time": 85}
{"timestamp": "2025-06-28T20:45:11.786626", "level": "INFO", "service": "web-server", "message": "Sample log message 632", "response_time": 355}
{"timestamp": "2025-06-28T20:45:12.594610", "level": "DEBUG", "service": "cache", "message": "Sample log message 274", "response_time": 245}
{"timestamp": "2025-06-28T20:45:14.156578", "level": "ERROR", "service": "cache", "message": "Sample log message 416", "response_time": 96}
{"timestamp": "2025-06-28T20:45:16.133414", "level": "WARN", "service": "cache", "message": "Sample log message 871", "response_time": 255}
{"timestamp": "2025-06-28T20:45:17.159558", "level": "ERROR", "service": "database", "message": "Sample log message 805", "response_time": 418}
{"timestamp": "2025-06-28T20:45:18.220461", "level": "DEBUG", "service": "web-server", "message": "Sample log message 811", "response_time": 331}
{"timestamp": "2025-06-28T20:45:19.109438", "level": "ERROR", "service": "database", "message": "Sample log message 620", "response_time": 314}
{"timestamp": "2025-06-28T20:45:19.649336", "level": "INFO", "service": "cache", "message": "Sample log message 240", "response_time": 276}
{"timestamp": "2025-06-28T20:45:20.597104", "level": "WARN", "service": "web-server", "message": "Sample log message 487", "response_time": 113}
{"timestamp": "2025-06-28T20:45:21.487849", "level": "INFO", "service": "web-server", "message": "Sample log message 285", "response_time": 96}
{"timestamp": "2025-06-28T20:45:22.629054", "level": "ERROR", "service": "database", "message": "Sample log message 275", "response_time": 43}
{"timestamp": "2025-06-28T20:45:23.846966", "level": "ERROR", "service": "auth-service", "message": "Sample log message 763", "response_time": 21}
{"timestamp": "2025-06-28T20:45:24.704760", "level": "DEBUG", "service": "web-server", "message": "Sample log message 829", "response_time": 267}
{"timestamp": "2025-06-28T20:45:26.551324", "level": "INFO", "service": "database", "message": "Sample log message 966", "response_time": 434}
{"timestamp": "2025-06-28T20:45:27.325669", "level": "WARN", "service": "database", "message": "Sample log message 341", "response_time": 375}
{"timestamp": "2025-06-28T20:45:28.924843", "level": "DEBUG", "service": "database", "message": "Sample log message 23", "response_time": 477}
{"timestamp": "2025-06-28T20:45:29.438760", "level": "INFO", "service": "cache", "message": "Sample log message 997", "response_time": 63}
{"timestamp": "2025-06-28T20:45:30.615854", "level": "INFO", "service": "web-server", "message": "Sample log message 266", "response_time": 359}
{"timestamp": "2025-06-28T20:45:32.053450", "level": "INFO", "service": "database", "message": "Sample log message 229", "response_time": 457}
{"timestamp": "2025-06-28T20:45:33.680903", "level": "ERROR", "service": "cache", "message": "Sample log message 267", "response_time": 191}
{"timestamp": "2025-06-28T20:45:35.613980", "level": "DEBUG", "service": "database", "message": "Sample log message 659", "response_time": 96}
{"timestamp": "2025-06-28T20:45:37.613738", "level": "WARN", "service": "auth-service", "message": "Sample log message 335", "response_time": 498}
{"timestamp": "2025-06-28T20:45:38.698996", "level": "DEBUG", "service": "auth-service", "message": "Sample log message 571", "response_time": 169}
{"timestamp": "2025-06-28T20:45:40.232318", "level": "ERROR", "service": "auth-service", "message": "Sample log message 693", "response_time": 369}
{"timestamp": "2025-06-28T20:45:41.323069", "level": "ERROR", "service": "cache", "message": "Sample log message 368", "response_time": 294}
{"timestamp": "2025-06-28T20:45:42.621124", "level": "INFO", "service": "cache", "message": "Sample log message 625", "response_time": 397}
{"timestamp": "2025-06-28T20:45:44.353947", "level": "WARN", "service": "web-server", "message": "Sample log message 365", "response_time": 281}
{"timestamp": "2025-06-28T20:45:46.112051", "level": "INFO", "service": "auth-service", "message": "Sample log message 402", "response_time": 344}
{"timestamp": "2025-06-28T20:45:47.814019", "level": "DEBUG", "service": "web-server", "message": "Sample log message 174", "response_time": 345}
{"timestamp": "2025-06-28T20:45:49.044950", "level": "INFO", "service": "database", "message": "Sample log message 911", "response_time": 251}
{"timestamp": "2025-06-28T20:45:50.167325", "level": "WARN", "service": "web-server", "message": "Sample log message 783", "response_time": 161}
{"timestamp": "2025-06-28T20:45:51.043960", "level": "WARN", "service": "cache", "message": "Sample log message 747", "response_time": 462}
{"timestamp": "2025-06-28T20:45:52.917176", "level": "DEBUG", "service": "web-server", "message": "Sample log message 767", "response_time": 212}
{"timestamp": "2025-06-28T20:45:53.883622", "level": "INFO", "service": "cache", "message": "Sample log message 136", "response_time": 419}
{"timestamp": "2025-06-28T20:45:55.107270", "level": "INFO", "service": "cache", "message": "Sample log message 888", "response_time": 450}
{"timestamp": "2025-06-28T20:45:56.258040", "level": "WARN", "service": "web-server", "message": "Sample log message 941", "response_time": 292}
{"timestamp": "2025-06-28T20:45:58.196041", "level": "ERROR", "service": "web-server", "message": "Sample log message 156", "response_time": 156}
{"timestamp": "2025-06-28T20:45:59.778706", "level": "ERROR", "service": "database", "message": "Sample log message 817", "response_time": 151}
{"timestamp": "2025-06-28T20:46:00.374085", "level": "INFO", "service": "auth-service", "message": "Sample log message 106", "response_time": 411}
{"timestamp": "2025-06-28T20:46:01.078790", "level": "ERROR", "service": "auth-service", "message": "Sample log message 233", "response_time": 500}
{"timestamp": "2025-06-28T20:46:01.649432", "level": "INFO", "service": "cache", "message": "Sample log message 177", "response_time": 397}
{"timestamp": "2025-06-28T20:46:03.340182", "level": "ERROR", "service": "web-server", "message": "Sample log message 393", "response_time": 431}
{"timestamp": "2025-06-28T20:46:05.102470", "level": "INFO", "service": "auth-service", "message": "Sample log message 369", "response_time": 104}
{"timestamp": "2025-06-28T20:46:06.963675", "level": "DEBUG", "service": "database", "message": "Sample log message 415", "response_time": 297}
{"timestamp": "2025-06-28T20:46:08.400425", "level": "DEBUG", "service": "web-server", "message": "Sample log message 441", "response_time": 493}
{"timestamp": "2025-06-28T20:46:09.262201", "level": "INFO", "service": "cache", "message": "Sample log message 381", "response_time": 68}
{"timestamp": "2025-06-28T20:46:10.365781", "level": "DEBUG", "service": "web-server", "message": "Sample log message 450", "response_time": 28}
{"timestamp": "2025-06-28T20:46:12.145581", "level": "INFO", "service": "cache", "message": "Sample log message 321", "response_time": 407}
{"timestamp": "2025-06-28T20:46:12.991841", "level": "WARN", "service": "auth-service", "message": "Sample log message 320", "response_time": 240}
{"timestamp": "2025-06-28T20:46:14.873648", "level": "INFO", "service": "cache", "message": "Sample log message 362", "response_time": 16}
{"timestamp": "2025-06-28T20:46:15.993159", "level": "ERROR", "service": "web-server", "message": "Sample log message 876", "response_time": 168}
{"timestamp": "2025-06-28T20:46:16.641569", "level": "WARN", "service": "database", "message": "Sample log message 257", "response_time": 295}
{"timestamp": "2025-06-28T20:46:18.029560", "level": "WARN", "service": "auth-service", "message": "Sample log message 629", "response_time": 18}
{"timestamp": "2025-06-28T20:46:18.563850", "level": "WARN", "service": "auth-service", "message": "Sample log message 59", "response_time": 361}
{"timestamp": "2025-06-28T20:46:19.097620", "level": "ERROR", "service": "database", "message": "Sample log message 813", "response_time": 254}
{"timestamp": "2025-06-28T20:46:20.800914", "level": "INFO", "service": "cache", "message": "Sample log message 300", "response_time": 62}
{"timestamp": "2025-06-28T20:46:22.337295", "level": "DEBUG", "service": "auth-service", "message": "Sample log message 664", "response_time": 86}
{"timestamp": "2025-06-28T20:46:24.166040", "level": "DEBUG", "service": "web-server", "message": "Sample log message 530", "response_time": 458}
{"timestamp": "2025-06-28T20:46:25.213916", "level": "DEBUG", "service": "cache", "message": "Sample log message 49", "response_time": 302}
{"timestamp": "2025-06-28T20:46:26.746390", "level": "DEBUG", "service": "web-server", "message": "Sample log message 181", "response_time": 370}
{"timestamp": "2025-06-28T20:46:28.488746", "level": "DEBUG", "service": "auth-service", "message": "Sample log message 635", "response_time": 125}
{"timestamp": "2025-06-28T20:46:29.432543", "level": "ERROR", "service": "cache", "message": "Sample log message 278", "response_time": 47}
{"timestamp": "2025-06-28T20:46:31.226337", "level": "INFO", "service": "database", "message": "Sample log message 51", "response_time": 388}
{"timestamp": "2025-06-28T20:46:32.454919", "level": "INFO", "service": "auth-service", "message": "Sample log message 622", "response_time": 171}
{"timestamp": "2025-06-28T20:46:33.875156", "level": "WARN", "service": "web-server", "message": "Sample log message 175", "response_time": 313}
{"timestamp": "2025-06-28T20:46:35.630913", "level": "ERROR", "service": "web-server", "message": "Sample log message 736", "response_time": 139}
{"timestamp": "2025-06-28T20:46:37.516065", "level": "ERROR", "service": "auth-service", "message": "Sample log message 848", "response_time": 225}
{"timestamp": "2025-06-28T20:46:39.202122", "level": "ERROR", "service": "database", "message": "Sample log message 129", "response_time": 364}
{"timestamp": "2025-06-28T20:46:40.373560", "level": "ERROR", "service": "auth-service", "message": "Sample log message 317", "response_time": 133}
{"timestamp": "2025-06-28T20:46:41.681582", "level": "WARN", "service": "auth-service", "message": "Sample log message 354", "response_time": 245}
{"timestamp": "2025-06-28T20:46:43.174430", "level": "DEBUG", "service": "web-server", "message": "Sample log message 879", "response_time": 107}
{"timestamp": "2025-06-28T20:46:43.886900", "level": "ERROR", "service": "web-server", "message": "Sample log message 32", "response_time": 125}
{"timestamp": "2025-06-28T20:46:44.748203", "level": "ERROR", "service": "cache", "message": "Sample log message 115", "response_time": 480}
{"timestamp": "2025-06-28T20:46:46.431517", "level": "ERROR", "service": "database", "message": "Sample log message 37", "response_time": 452}
{"timestamp": "2025-06-28T20:46:48.149950", "level": "INFO", "service": "auth-service", "message": "Sample log message 588", "response_time": 131}
{"timestamp": "2025-06-28T20:46:49.437295", "level": "DEBUG", "service": "auth-service", "message": "Sample log message 372", "response_time": 58}
{"timestamp": "2025-06-28T20:46:51.434129", "level": "DEBUG", "service": "cache", "message": "Sample log message 745", "response_time": 225}
{"timestamp": "2025-06-28T20:46:52.326725", "level": "ERROR", "service": "web-server", "message": "Sample log message 660", "response_time": 269}
{"timestamp": "2025-06-28T20:46:54.293143", "level": "INFO", "service": "database", "message": "Sample log message 541", "response_time": 230}
{"timestamp": "2025-06-28T20:46:56.192626", "level": "ERROR", "service": "cache", "message": "Sample log message 547", "response_time": 400}
{"timestamp": "2025-06-28T20:46:57.591047", "level": "INFO", "service": "web-server", "message": "Sample log message 254", "response_time": 486}
{"timestamp": "2025-06-28T20:46:59.109930", "level": "INFO", "service": "auth-service", "message": "Sample log message 315", "response_time": 444}
{"timestamp": "2025-06-28T20:46:59.784286", "level": "INFO", "service": "auth-service", "message": "Sample log message 314", "response_time": 355}
{"timestamp": "2025-06-28T20:47:01.087479", "level": "WARN", "service": "web-server", "message": "Sample log message 706", "response_time": 475}
{"timestamp": "2025-06-28T20:47:01.764986", "level": "DEBUG", "service": "database", "message": "Sample log message 466", "response_time": 271}
{"timestamp": "2025-06-28T20:47:03.219738", "level": "INFO", "service": "database", "message": "Sample log message 530", "response_time": 442}
{"timestamp": "2025-06-28T20:47:05.185921", "level": "INFO", "service": "cache", "message": "Sample log message 910", "response_time": 480}
{"timestamp": "2025-06-28T20:47:06.510861", "level": "INFO", "service": "web-server", "message": "Sample log message 258", "response_time": 151}
{"timestamp": "2025-06-28T20:47:07.559095", "level": "WARN", "service": "cache", "message": "Sample log message 887", "response_time": 36}
{"timestamp": "2025-06-28T20:47:08.923894", "level": "WARN", "service": "database", "message": "Sample log message 712", "response_time": 229}
{"timestamp": "2025-06-28T20:47:09.843003", "level": "ERROR", "service": "database", "message": "Sample log message 110", "response_time": 234}
{"timestamp": "2025-06-28T20:47:11.621790", "level": "WARN", "service": "web-server", "message": "Sample log message 759", "response_time": 410}
{"timestamp": "2025-06-28T20:47:13.290081", "level": "INFO", "service": "web-server", "message": "Sample log message 171", "response_time": 386}
{"timestamp": "2025-06-28T20:47:14.537733", "level": "WARN", "service": "cache", "message": "Sample log message 837", "response_time": 258}
{"timestamp": "2025-06-28T20:47:15.943677", "level": "INFO", "service": "auth-service", "message": "Sample log message 541", "response_time": 341}
{"timestamp": "2025-06-28T20:47:16.994037", "level": "WARN", "service": "auth-service", "message": "Sample log message 41", "response_time": 367}
{"timestamp": "2025-06-28T20:47:18.027671", "level": "DEBUG", "service": "auth-service", "message": "Sample log message 688", "response_time": 268}
{"timestamp": "2025-06-28T20:47:19.830438", "level": "ERROR", "service": "cache", "message": "Sample log message 417", "response_time": 347}
{"timestamp": "2025-06-28T20:47:21.726713", "level": "WARN", "service": "web-server", "message": "Sample log message 517", "response_time": 170}
{"timestamp": "2025-06-28T20:47:22.775350", "level": "INFO", "service": "web-server", "message": "Sample log message 675", "response_time": 497}
{"timestamp": "2025-06-28T20:47:24.404181", "level": "DEBUG", "service": "web-server", "message": "Sample log message 647", "response_time": 130}
{"timestamp": "2025-06-28T20:47:25.488116", "level": "INFO", "service": "cache", "message": "Sample log message 929", "response_time": 464}
{"timestamp": "2025-06-28T20:47:26.918783", "level": "INFO", "service": "web-server", "message": "Sample log message 448", "response_time": 490}
{"timestamp": "2025-06-28T20:47:27.494932", "level": "INFO", "service": "cache", "message": "Sample log message 664", "response_time": 398}
{"timestamp": "2025-06-28T20:47:28.543288", "level": "INFO", "service": "web-server", "message": "Sample log message 934", "response_time": 169}
{"timestamp": "2025-06-28T20:47:29.963994", "level": "DEBUG", "service": "auth-service", "message": "Sample log message 159", "response_time": 490}
{"timestamp": "2025-06-28T20:47:30.699304", "level": "INFO", "service": "auth-service", "message": "Sample log message 122", "response_time": 205}
{"timestamp": "2025-06-28T20:47:31.987867", "level": "ERROR", "service": "web-server", "message": "Sample log message 564", "response_time": 262}
{"timestamp": "2025-06-28T20:47:33.785216", "level": "ERROR", "service": "cache", "message": "Sample log message 755", "response_time": 500}
{"timestamp": "2025-06-28T20:47:35.004059", "level": "INFO", "service": "auth-service", "message": "Sample log message 887", "response_time": 411}
{"timestamp": "2025-06-28T20:47:35.730916", "level": "ERROR", "service": "database", "message": "Sample log message 848", "response_time": 433}
{"timestamp": "2025-06-28T20:47:37.100345", "level": "WARN", "service": "web-server", "message": "Sample log message 832", "response_time": 164}
{"timestamp": "2025-06-28T20:47:38.889201", "level": "DEBUG", "service": "auth-service", "message": "Sample log message 223", "response_time": 421}
{"timestamp": "2025-06-28T20:47:40.051621", "level": "ERROR", "service": "auth-service", "message": "Sample log message 126", "response_time": 322}
{"timestamp": "2025-06-28T20:47:41.040074", "level": "DEBUG", "service": "web-server", "message": "Sample log message 839", "response_time": 495}
{"timestamp": "2025-06-28T20:47:42.223377", "level": "WARN", "service": "web-server", "message": "Sample log message 328", "response_time": 52}
{"timestamp": "2025-06-28T20:47:43.614418", "level": "DEBUG", "service": "auth-service", "message": "Sample log message 515", "response_time": 365}
{"timestamp": "2025-06-28T20:47:45.314018", "level": "INFO", "service": "database", "message": "Sample log message 739", "response_time": 233}
{"timestamp": "2025-06-28T20:47:46.353505", "level": "WARN", "service": "cache", "message": "Sample log message 300", "response_time": 443}
{"timestamp": "2025-06-28T20:47:47.071119", "level": "ERROR", "service": "auth-service", "message": "Sample log message 337", "response_time": 27}
{"timestamp": "2025-06-28T20:47:48.608368", "level": "WARN", "service": "auth-service", "message": "Sample log message 185", "response_time": 394}
{"timestamp": "2025-06-28T20:47:50.477007", "level": "DEBUG", "service": "database", "message": "Sample log message 211", "response_time": 152}
{"timestamp": "2025-06-28T20:47:51.744549", "level": "INFO", "service": "auth-service", "message": "Sample log message 569", "response_time": 72}
{"timestamp": "2025-06-28T20:47:53.166647", "level": "WARN", "service": "cache", "message": "Sample log message 528", "response_time": 280}
{"timestamp": "2025-06-28T20:47:54.304772", "level": "WARN", "service": "auth-service", "message": "Sample log message 647", "response_time": 484}
{"timestamp": "2025-06-28T20:47:56.210347", "level": "INFO", "service": "auth-service", "message": "Sample log message 286", "response_time": 483}
{"timestamp": "2025-06-28T20:47:57.498881", "level": "DEBUG", "service": "cache", "message": "Sample log message 512", "response_time": 189}
{"timestamp": "2025-06-28T20:47:59.420912", "level": "DEBUG", "service": "database", "message": "Sample log message 428", "response_time": 346}
{"timestamp": "2025-06-28T20:48:00.245321", "level": "WARN", "service": "database", "message": "Sample log message 701", "response_time": 166}
{"timestamp": "2025-06-28T20:48:01.000074", "level": "ERROR", "service": "auth-service", "message": "Sample log message 174", "response_time": 438}
{"timestamp": "2025-06-28T20:48:02.481661", "level": "DEBUG", "service": "web-server", "message": "Sample log message 538", "response_time": 166}
{"timestamp": "2025-06-28T20:48:03.977299", "level": "WARN", "service": "database", "message": "Sample log message 239", "response_time": 87}
{"timestamp": "2025-06-28T20:48:05.764682", "level": "ERROR", "service": "cache", "message": "Sample log message 667", "response_time": 450}
{"timestamp": "2025-06-28T20:48:06.704062", "level": "DEBUG", "service": "database", "message": "Sample log message 425", "response_time": 262}
{"timestamp": "2025-06-28T20:48:07.853806", "level": "INFO", "service": "database", "message": "Sample log message 946", "response_time": 308}
{"timestamp": "2025-06-28T20:48:08.424786", "level": "INFO", "service": "web-server", "message": "Sample log message 399", "response_time": 257}
{"timestamp": "2025-06-28T20:48:09.753413", "level": "ERROR", "service": "cache", "message": "Sample log message 699", "response_time": 230}
{"timestamp": "2025-06-28T20:48:11.429113", "level": "WARN", "service": "cache", "message": "Sample log message 109", "response_time": 100}
{"timestamp": "2025-06-28T20:48:13.141236", "level": "WARN", "service": "database", "message": "Sample log message 841", "response_time": 253}
{"timestamp": "2025-06-28T20:48:14.269390", "level": "INFO", "service": "auth-service", "message": "Sample log message 194", "response_time": 441}
{"timestamp": "2025-06-28T20:48:15.596269", "level": "WARN", "service": "web-server", "message": "Sample log message 176", "response_time": 113}
{"timestamp": "2025-06-28T20:48:16.573575", "level": "DEBUG", "service": "auth-service", "message": "Sample log message 562", "response_time": 37}
{"timestamp": "2025-06-28T20:48:18.246764", "level": "INFO", "service": "web-server", "message": "Sample log message 243", "response_time": 18}
{"timestamp": "2025-06-28T20:48:19.834185", "level": "WARN", "service": "database", "message": "Sample log message 787", "response_time": 114}
{"timestamp": "2025-06-28T20:48:20.535444", "level": "WARN", "service": "web-server", "message": "Sample log message 429", "response_time": 245}
{"timestamp": "2025-06-28T20:48:22.075036", "level": "ERROR", "service": "web-server", "message": "Sample log message 282", "response_time": 353}
{"timestamp": "2025-06-28T20:48:22.760862", "level": "ERROR", "service": "web-server", "message": "Sample log message 60", "response_time": 270}
{"timestamp": "2025-06-28T20:48:24.692116", "level": "INFO", "service": "database", "message": "Sample log message 657", "response_time": 351}
{"timestamp": "2025-06-28T20:48:26.028246", "level": "WARN", "service": "auth-service", "message": "Sample log message 658", "response_time": 121}
{"timestamp": "2025-06-28T20:48:27.195282", "level": "DEBUG", "service": "web-server", "message": "Sample log message 367", "response_time": 193}
{"timestamp": "2025-06-28T20:48:28.083117", "level": "INFO", "service": "web-server", "message": "Sample log message 486", "response_time": 120}
{"timestamp": "2025-06-28T20:48:29.895534", "level": "DEBUG", "service": "database", "message": "Sample log message 307", "response_time": 66}
{"timestamp": "2025-06-28T20:48:31.149522", "level": "ERROR", "service": "cache", "message": "Sample log message 214", "response_time": 427}
{"timestamp": "2025-06-28T20:48:33.103516", "level": "INFO", "service": "cache", "message": "Sample log message 265", "response_time": 470}
{"timestamp": "2025-06-28T20:48:34.345891", "level": "WARN", "service": "auth-service", "message": "Sample log message 521", "response_time": 443}
{"timestamp": "2025-06-28T20:48:36.103693", "level": "WARN", "service": "database", "message": "Sample log message 844", "response_time": 369}
{"timestamp": "2025-06-28T20:48:37.423596", "level": "ERROR", "service": "cache", "message": "Sample log message 995", "response_time": 194}
{"timestamp": "2025-06-28T20:48:38.141452", "level": "WARN", "service": "database", "message": "Sample log message 841", "response_time": 330}
{"timestamp": "2025-06-28T20:48:39.805225", "level": "ERROR", "service": "cache", "message": "Sample log message 353", "response_time": 204}
{"timestamp": "2025-06-28T20:48:40.388525", "level": "INFO", "service": "web-server", "message": "Sample log message 834", "response_time": 24}
{"timestamp": "2025-06-28T20:48:41.720338", "level": "ERROR", "service": "cache", "message": "Sample log message 970", "response_time": 454}
{"timestamp": "2025-06-28T20:48:43.474693", "level": "INFO", "service": "cache", "message": "Sample log message 95", "response_time": 331}
{"timestamp": "2025-06-28T20:48:44.602509", "level": "INFO", "service": "cache", "message": "Sample log message 203", "response_time": 308}
{"timestamp": "2025-06-28T20:48:45.906339", "level": "WARN", "service": "auth-service", "message": "Sample log message 208", "response_time": 188}
{"timestamp": "2025-06-28T20:48:46.410690", "level": "WARN", "service": "web-server", "message": "Sample log message 107", "response_time": 450}
{"timestamp": "2025-06-28T20:48:47.487746", "level": "DEBUG", "service": "web-server", "message": "Sample log message 22", "response_time": 125}
{"timestamp": "2025-06-28T20:48:48.920366", "level": "DEBUG", "service": "database", "message": "Sample log message 995", "response_time": 172}
{"timestamp": "2025-06-28T20:48:50.621848", "level": "DEBUG", "service": "cache", "message": "Sample log message 327", "response_time": 483}
{"timestamp": "2025-06-28T20:48:51.575154", "level": "INFO", "service": "auth-service", "message": "Sample log message 157", "response_time": 135}
{"timestamp": "2025-06-28T20:48:53.157703", "level": "DEBUG", "service": "auth-service", "message": "Sample log message 784", "response_time": 309}
{"timestamp": "2025-06-28T20:48:54.065518", "level": "ERROR", "service": "web-server", "message": "Sample log message 347", "response_time": 252}
{"timestamp": "2025-06-28T20:48:54.903616", "level": "ERROR", "service": "cache", "message": "Sample log message 760", "response_time": 21}
{"timestamp": "2025-06-28T20:48:56.356982", "level": "DEBUG", "service": "web-server", "message": "Sample log message 514", "response_time": 484}
{"timestamp": "2025-06-28T20:48:58.242773", "level": "INFO", "service": "database", "message": "Sample log message 137", "response_time": 105}
{"timestamp": "2025-06-28T20:48:59.723309", "level": "INFO", "service": "web-server", "message": "Sample log message 649", "response_time": 462}
{"timestamp": "2025-06-28T20:49:00.698401", "level": "DEBUG", "service": "web-server", "message": "Sample log message 323", "response_time": 155}
{"timestamp": "2025-06-28T20:49:01.812863", "level": "INFO", "service": "database", "message": "Sample log message 763", "response_time": 363}
{"timestamp": "2025-06-28T20:49:03.514313", "level": "ERROR", "service": "web-server", "message": "Sample log message 220", "response_time": 252}
{"timestamp": "2025-06-28T20:49:04.790837", "level": "ERROR", "service": "web-server", "message": "Sample log message 718", "response_time": 17}
{"timestamp": "2025-06-28T20:49:05.861194", "level": "WARN", "service": "database", "message": "Sample log message 428", "response_time": 288}
{"timestamp": "2025-06-28T20:49:06.786104", "level": "INFO", "service": "database", "message": "Sample log message 505", "response_time": 228}
{"timestamp": "2025-06-28T20:49:07.561560", "level": "DEBUG", "service": "web-server", "message": "Sample log message 810", "response_time": 319}
{"timestamp": "2025-06-28T20:49:09.233247", "level": "WARN", "service": "auth-service", "message": "Sample log message 708", "response_time": 131}
{"timestamp": "2025-06-28T20:49:09.885973", "level": "INFO", "service": "cache", "message": "Sample log message 845", "response_time": 372}
{"timestamp": "2025-06-28T20:49:11.830411", "level": "ERROR", "service": "web-server", "message": "Sample log message 697", "response_time": 331}
{"timestamp": "2025-06-28T20:49:12.460572", "level": "DEBUG", "service": "cache", "message": "Sample log message 397", "response_time": 212}
{"timestamp": "2025-06-28T20:49:13.201425", "level": "WARN", "service": "auth-service", "message": "Sample log message 972", "response_time": 468}
{"timestamp": "2025-06-28T20:49:14.108275", "level": "INFO", "service": "cache", "message": "Sample log message 567", "response_time": 479}
{"timestamp": "2025-06-28T20:49:15.135308", "level": "ERROR", "service": "web-server", "message": "Sample log message 296", "response_time": 84}
{"timestamp": "2025-06-28T20:49:16.361598", "level": "WARN", "service": "database", "message": "Sample log message 214", "response_time": 259}
{"timestamp": "2025-06-28T20:49:17.734864", "level": "ERROR", "service": "cache", "message": "Sample log message 578", "response_time": 118}
{"timestamp": "2025-06-28T20:49:19.140675", "level": "DEBUG", "service": "auth-service", "message": "Sample log message 506", "response_time": 217}
{"timestamp": "2025-06-28T20:49:19.776792", "level": "WARN", "service": "web-server", "message": "Sample log message 809", "response_time": 484}
{"timestamp": "2025-06-28T20:49:20.930613", "level": "DEBUG", "service": "database", "message": "Sample log message 640", "response_time": 487}
{"timestamp": "2025-06-28T20:49:21.762554", "level": "ERROR", "service": "cache", "message": "Sample log message 854", "response_time": 105}
{"timestamp": "2025-06-28T20:49:22.400542", "level": "DEBUG", "service": "web-server", "message": "Sample log message 468", "response_time": 369}
{"timestamp": "2025-06-28T20:49:23.072483", "level": "DEBUG", "service": "web-server", "message": "Sample log message 399", "response_time": 190}
{"timestamp": "2025-06-28T20:49:24.779576", "level": "WARN", "service": "web-server", "message": "Sample log message 940", "response_time": 44}
{"timestamp": "2025-06-28T20:49:25.505551", "level": "WARN", "service": "cache", "message": "Sample log message 801", "response_time": 467}
{"timestamp": "2025-06-28T20:49:26.791319", "level": "INFO", "service": "web-server", "message": "Sample log message 664", "response_time": 152}
{"timestamp": "2025-06-28T20:49:28.041856", "level": "DEBUG", "service": "web-server", "message": "Sample log message 382", "response_time": 275}
{"timestamp": "2025-06-28T20:49:29.630267", "level": "WARN", "service": "auth-service", "message": "Sample log message 188", "response_time": 319}
{"timestamp": "2025-06-28T20:49:31.178561", "level": "WARN", "service": "database", "message": "Sample log message 38", "response_time": 116}
{"timestamp": "2025-06-28T20:49:32.410208", "level": "WARN", "service": "web-server", "message": "Sample log message 611", "response_time": 11}
{"timestamp": "2025-06-28T20:49:33.134467", "level": "ERROR", "service": "web-server", "message": "Sample log message 456", "response_time": 146}
{"timestamp": "2025-06-28T20:49:34.320625", "level": "ERROR", "service": "auth-service", "message": "Sample log message 156", "response_time": 259}
{"timestamp": "2025-06-28T20:49:36.117426", "level": "INFO", "service": "cache", "message": "Sample log message 545", "response_time": 472}
{"timestamp": "2025-06-28T20:49:37.550124", "level": "DEBUG", "service": "database", "message": "Sample log message 777", "response_time": 131}
{"timestamp": "2025-06-28T20:49:39.273983", "level": "ERROR", "service": "database", "message": "Sample log message 294", "response_time": 67}
{"timestamp": "2025-06-28T20:49:40.736566", "level": "WARN", "service": "cache", "message": "Sample log message 122", "response_time": 283}
{"timestamp": "2025-06-28T20:49:41.499211", "level": "DEBUG", "service": "database", "message": "Sample log message 330", "response_time": 157}
{"timestamp": "2025-06-28T20:49:42.821140", "level": "DEBUG", "service": "cache", "message": "Sample log message 623", "response_time": 411}
{"timestamp": "2025-06-28T20:49:44.440475", "level": "ERROR", "service": "cache", "message": "Sample log message 64", "response_time": 185}
{"timestamp": "2025-06-28T20:49:45.854711", "level": "INFO", "service": "web-server", "message": "Sample log message 171", "response_time": 67}
{"timestamp": "2025-06-28T20:49:46.978837", "level": "INFO", "service": "database", "message": "Sample log message 956", "response_time": 325}
{"timestamp": "2025-06-28T20:49:47.675373", "level": "WARN", "service": "web-server", "message": "Sample log message 149", "response_time": 276}
{"timestamp": "2025-06-28T20:49:49.419690", "level": "WARN", "service": "cache", "message": "Sample log message 447", "response_time": 437}
{"timestamp": "2025-06-28T20:49:50.462713", "level": "INFO", "service": "web-server", "message": "Sample log message 774", "response_time": 26}
{"timestamp": "2025-06-28T20:49:51.911138", "level": "DEBUG", "service": "cache", "message": "Sample log message 728", "response_time": 394}
{"timestamp": "2025-06-28T20:49:53.331851", "level": "ERROR", "service": "database", "message": "Sample log message 434", "response_time": 418}
{"timestamp": "2025-06-28T20:49:53.920877", "level": "WARN", "service": "web-server", "message": "Sample log message 574", "response_time": 252}
{"timestamp": "2025-06-28T20:49:54.435837", "level": "INFO", "service": "cache", "message": "Sample log message 793", "response_time": 349}
{"timestamp": "2025-06-28T20:49:55.751591", "level": "WARN", "service": "auth-service", "message": "Sample log message 413", "response_time": 421}
{"timestamp": "2025-06-28T20:49:57.742054", "level": "INFO", "service": "auth-service", "message": "Sample log message 99", "response_time": 438}
{"timestamp": "2025-06-28T20:49:59.036057", "level": "WARN", "service": "web-server", "message": "Sample log message 564", "response_time": 372}
{"timestamp": "2025-06-28T20:50:00.429664", "level": "ERROR", "service": "auth-service", "message": "Sample log message 900", "response_time": 307}
{"timestamp": "2025-06-28T20:50:01.613933", "level": "DEBUG", "service": "auth-service", "message": "Sample log message 584", "response_time": 248}
{"timestamp": "2025-06-28T20:50:02.712335", "level": "WARN", "service": "web-server", "message": "Sample log message 413", "response_time": 299}
{"timestamp": "2025-06-28T20:50:04.315069", "level": "ERROR", "service": "cache", "message": "Sample log message 768", "response_time": 216}
{"timestamp": "2025-06-28T20:50:05.222310", "level": "DEBUG", "service": "database", "message": "Sample log message 140", "response_time": 322}
{"timestamp": "2025-06-28T20:50:07.072231", "level": "DEBUG", "service": "cache", "message": "Sample log message 54", "response_time": 386}
{"timestamp": "2025-06-28T20:50:08.458037", "level": "INFO", "service": "web-server", "message": "Sample log message 112", "response_time": 127}
{"timestamp": "2025-06-28T20:50:09.142846", "level": "INFO", "service": "cache", "message": "Sample log message 642", "response_time": 420}
{"timestamp": "2025-06-28T20:50:09.928593", "level": "INFO", "service": "web-server", "message": "Sample log message 944", "response_time": 411}
{"timestamp": "2025-06-28T20:50:11.559411", "level": "ERROR", "service": "web-server", "message": "Sample log message 710", "response_time": 176}
{"timestamp": "2025-06-28T20:50:12.387233", "level": "INFO", "service": "auth-service", "message": "Sample log message 108", "response_time": 492}
{"timestamp": "2025-06-28T20:50:13.360213", "level": "INFO", "service": "cache", "message": "Sample log message 672", "response_time": 283}
{"timestamp": "2025-06-28T20:50:14.476733", "level": "ERROR", "service": "database", "message": "Sample log message 70", "response_time": 469}
{"timestamp": "2025-06-28T20:50:16.256448", "level": "ERROR", "service": "auth-service", "message": "Sample log message 489", "response_time": 496}
{"timestamp": "2025-06-28T20:50:17.481697", "level": "ERROR", "service": "database", "message": "Sample log message 442", "response_time": 204}
{"timestamp": "2025-06-28T20:50:19.002853", "level": "DEBUG", "service": "web-server", "message": "Sample log message 684", "response_time": 408}
{"timestamp": "2025-06-28T20:50:20.822497", "level": "ERROR", "service": "auth-service", "message": "Sample log message 671", "response_time": 416}
{"timestamp": "2025-06-28T20:50:22.080771", "level": "WARN", "service": "web-server", "message": "Sample log message 471", "response_time": 263}
{"timestamp": "2025-06-28T20:50:23.672404", "level": "DEBUG", "service": "database", "message": "Sample log message 372", "response_time": 196}
{"timestamp": "2025-06-28T20:50:24.685921", "level": "INFO", "service": "web-server", "message": "Sample log message 396", "response_time": 354}
{"timestamp": "2025-06-28T20:50:26.350269", "level": "INFO", "service": "web-server", "message": "Sample log message 344", "response_time": 203}
{"timestamp": "2025-06-28T20:50:28.140513", "level": "ERROR", "service": "cache", "message": "Sample log message 500", "response_time": 331}
{"timestamp": "2025-06-28T20:50:28.900484", "level": "DEBUG", "service": "web-server", "message": "Sample log message 892", "response_time": 303}
{"timestamp": "2025-06-28T20:50:30.228871", "level": "DEBUG", "service": "web-server", "message": "Sample log message 969", "response_time": 197}
{"timestamp": "2025-06-28T20:50:31.410127", "level": "WARN", "service": "cache", "message": "Sample log message 433", "response_time": 49}
{"timestamp": "2025-06-28T20:50:32.722780", "level": "INFO", "service": "database", "message": "Sample log message 389", "response_time": 29}
{"timestamp": "2025-06-28T20:50:33.663771", "level": "ERROR", "service": "auth-service", "message": "Sample log message 842", "response_time": 100}
{"timestamp": "2025-06-28T20:50:34.684409", "level": "INFO", "service": "auth-service", "message": "Sample log message 903", "response_time": 186}
{"timestamp": "2025-06-28T20:50:35.963174", "level": "WARN", "service": "cache", "message": "Sample log message 438", "response_time": 492}
{"timestamp": "2025-06-28T20:50:37.185647", "level": "ERROR", "service": "database", "message": "Sample log message 77", "response_time": 36}
{"timestamp": "2025-06-28T20:50:38.299098", "level": "INFO", "service": "auth-service", "message": "Sample log message 421", "response_time": 185}
{"timestamp": "2025-06-28T20:50:39.321081", "level": "INFO", "service": "database", "message": "Sample log message 45", "response_time": 124}
{"timestamp": "2025-06-28T20:50:41.185588", "level": "INFO", "service": "auth-service", "message": "Sample log message 44", "response_time": 91}
{"timestamp": "2025-06-28T20:50:42.704899", "level": "DEBUG", "service": "database", "message": "Sample log message 656", "response_time": 496}
{"timestamp": "2025-06-28T20:50:44.458045", "level": "ERROR", "service": "auth-service", "message": "Sample log message 189", "response_time": 478}
{"timestamp": "2025-06-28T20:50:45.125326", "level": "INFO", "service": "database", "message": "Sample log message 478", "response_time": 441}
{"timestamp": "2025-06-28T20:50:47.067908", "level": "DEBUG", "service": "auth-service", "message": "Sample log message 771", "response_time": 261}
{"timestamp": "2025-06-28T20:50:48.375726", "level": "WARN", "service": "database", "message": "Sample log message 546", "response_time": 314}
{"timestamp": "2025-06-28T20:50:49.259073", "level": "ERROR", "service": "auth-service", "message": "Sample log message 313", "response_time": 457}
{"timestamp": "2025-06-28T20:50:50.001617", "level": "DEBUG", "service": "web-server", "message": "Sample log message 308", "response_time": 209}
{"timestamp": "2025-06-28T20:50:51.628064", "level": "ERROR", "service": "web-server", "message": "Sample log message 240", "response_time": 132}
{"timestamp": "2025-06-28T20:50:52.433910", "level": "WARN", "service": "auth-service", "message": "Sample log message 713", "response_time": 212}
{"timestamp": "2025-06-28T20:50:53.242773", "level": "ERROR", "service": "cache", "message": "Sample log message 19", "response_time": 493}
{"timestamp": "2025-06-28T20:50:55.115496", "level": "INFO", "service": "database", "message": "Sample log message 719", "response_time": 113}
{"timestamp": "2025-06-28T20:50:55.764331", "level": "DEBUG", "service": "auth-service", "message": "Sample log message 109", "response_time": 317}
{"timestamp": "2025-06-28T20:50:56.362735", "level": "ERROR", "service": "web-server", "message": "Sample log message 572", "response_time": 420}
{"timestamp": "2025-06-28T20:50:57.655355", "level": "ERROR", "service": "database", "message": "Sample log message 429", "response_time": 279}
{"timestamp": "2025-06-28T20:50:59.313679", "level": "INFO", "service": "web-server", "message": "Sample log message 762", "response_time": 471}
{"timestamp": "2025-06-28T20:51:01.224855", "level": "ERROR", "service": "database", "message": "Sample log message 563", "response_time": 46}
{"timestamp": "2025-06-28T20:51:03.182001", "level": "ERROR", "service": "web-server", "message": "Sample log message 36", "response_time": 363}
{"timestamp": "2025-06-28T20:51:04.995184", "level": "WARN", "service": "cache", "message": "Sample log message 567", "response_time": 58}
{"timestamp": "2025-06-28T20:51:06.138751", "level": "DEBUG", "service": "cache", "message": "Sample log message 481", "response_time": 463}
{"timestamp": "2025-06-28T20:51:07.681609", "level": "DEBUG", "service": "auth-service", "message": "Sample log message 867", "response_time": 124}
{"timestamp": "2025-06-28T20:51:08.738458", "level": "WARN", "service": "auth-service", "message": "Sample log message 160", "response_time": 281}
{"timestamp": "2025-06-28T20:51:09.992192", "level": "DEBUG", "service": "web-server", "message": "Sample log message 596", "response_time": 103}
{"timestamp": "2025-06-28T20:51:11.926244", "level": "INFO", "service": "auth-service", "message": "Sample log message 201", "response_time": 412}
{"timestamp": "2025-06-28T20:51:12.847810", "level": "ERROR", "service": "database", "message": "Sample log message 593", "response_time": 367}
{"timestamp": "2025-06-28T20:51:13.979114", "level": "DEBUG", "service": "auth-service", "message": "Sample log message 628", "response_time": 364}
{"timestamp": "2025-06-28T20:51:14.971649", "level": "ERROR", "service": "database", "message": "Sample log message 579", "response_time": 189}
{"timestamp": "2025-06-28T20:51:16.360316", "level": "INFO", "service": "cache", "message": "Sample log message 46", "response_time": 229}
{"timestamp": "2025-06-28T20:51:17.525805", "level": "INFO", "service": "auth-service", "message": "Sample log message 861", "response_time": 170}
{"timestamp": "2025-06-28T20:51:19.340862", "level": "ERROR", "service": "auth-service", "message": "Sample log message 650", "response_time": 434}
{"timestamp": "2025-06-28T20:51:20.107971", "level": "WARN", "service": "auth-service", "message": "Sample log message 794", "response_time": 469}
{"timestamp": "2025-06-28T20:51:21.554036", "level": "ERROR", "service": "cache", "message": "Sample log message 915", "response_time": 257}
{"timestamp": "2025-06-28T20:51:22.539543", "level": "ERROR", "service": "auth-service", "message": "Sample log message 223", "response_time": 126}
{"timestamp": "2025-06-28T20:51:23.317694", "level": "DEBUG", "service": "auth-service", "message": "Sample log message 395", "response_time": 166}
{"timestamp": "2025-06-28T20:51:24.106718", "level": "ERROR", "service": "web-server", "message": "Sample log message 240", "response_time": 389}
{"timestamp": "2025-06-28T20:51:24.893852", "level": "DEBUG", "service": "web-server", "message": "Sample log message 567", "response_time": 388}
